<?xml version="1.0" encoding="UTF-8"?>
<!-- Generated by org.testng.reporters.JUnitReportReporter -->
<testsuite hostname="DESKTOP-EQ1TCP1" failures="0" tests="4" name="com.bridgelabz.LoginPageTest" time="123.089" errors="0" timestamp="2022-03-23T12:20:01 IST" skipped="0">
  <testcase classname="com.bridgelabz.LoginPageTest" name="loginPageTitleTest" time="26.404"/>
  <system-out/>
  <testcase classname="com.bridgelabz.LoginPageTest" name="loginTest" time="27.833"/>
  <system-out/>
  <testcase classname="com.bridgelabz.LoginPageTest" name="loginTest" time="38.464"/>
  <system-out/>
  <testcase classname="com.bridgelabz.LoginPageTest" name="loginTest" time="30.388"/>
  <system-out/>
</testsuite> <!-- com.bridgelabz.LoginPageTest -->
