<?xml version="1.0" encoding="UTF-8"?>
<!-- Generated by org.testng.reporters.JUnitReportReporter -->
<testsuite hostname="DESKTOP-EQ1TCP1" failures="0" tests="4" name="com.bridgelabz.LoginPageTest" time="127.069" errors="0" timestamp="2022-03-17T10:40:53 IST" skipped="0">
  <testcase classname="com.bridgelabz.LoginPageTest" name="loginPageTitleTest" time="32.103"/>
  <system-out/>
  <testcase classname="com.bridgelabz.LoginPageTest" name="loginTest" time="33.763"/>
  <system-out/>
  <testcase classname="com.bridgelabz.LoginPageTest" name="loginTest" time="28.842"/>
  <system-out/>
  <testcase classname="com.bridgelabz.LoginPageTest" name="loginTest" time="32.361"/>
  <system-out/>
</testsuite> <!-- com.bridgelabz.LoginPageTest -->
