<?xml version="1.0" encoding="UTF-8"?>
<!-- Generated by org.testng.reporters.JUnitReportReporter -->
<testsuite hostname="DESKTOP-EQ1TCP1" failures="0" tests="4" name="com.bridgelabz.LoginPageTest" time="179.095" errors="0" timestamp="2022-03-16T11:39:06 IST" skipped="0">
  <testcase classname="com.bridgelabz.LoginPageTest" name="loginPageTitleTest" time="49.181"/>
  <system-out/>
  <testcase classname="com.bridgelabz.LoginPageTest" name="loginTest" time="37.590"/>
  <system-out/>
  <testcase classname="com.bridgelabz.LoginPageTest" name="loginTest" time="40.811"/>
  <system-out/>
  <testcase classname="com.bridgelabz.LoginPageTest" name="loginTest" time="51.513"/>
  <system-out/>
</testsuite> <!-- com.bridgelabz.LoginPageTest -->
