<?xml version="1.0" encoding="UTF-8"?>
<!-- Generated by org.testng.reporters.JUnitReportReporter -->
<testsuite hostname="DESKTOP-EQ1TCP1" failures="0" tests="1" name="com.bridgelabz.HomePageTest" time="47.054" errors="0" timestamp="2022-03-17T12:15:08 IST" skipped="0">
  <testcase classname="com.bridgelabz.HomePageTest" name="verifyFindFriendsPageTest" time="47.054"/>
  <system-out/>
</testsuite> <!-- com.bridgelabz.HomePageTest -->
