<?xml version="1.0" encoding="UTF-8"?>
<!-- Generated by org.testng.reporters.JUnitReportReporter -->
<testsuite hostname="DESKTOP-EQ1TCP1" failures="0" tests="4" name="com.bridgelabz.HomePageTest" time="141.399" errors="0" timestamp="2022-03-16T11:39:06 IST" skipped="0">
  <testcase classname="com.bridgelabz.HomePageTest" name="verifyHomePageTitle" time="29.143"/>
  <system-out/>
  <testcase classname="com.bridgelabz.HomePageTest" name="verifyClickOnProfileTest" time="37.562"/>
  <system-out/>
  <testcase classname="com.bridgelabz.HomePageTest" name="verifyFriendsPageTest" time="39.608"/>
  <system-out/>
  <testcase classname="com.bridgelabz.HomePageTest" name="verifySavedPageTest" time="35.086"/>
  <system-out/>
</testsuite> <!-- com.bridgelabz.HomePageTest -->
