<?xml version="1.0" encoding="UTF-8"?>
<!-- Generated by org.testng.reporters.JUnitReportReporter -->
<testsuite hostname="DESKTOP-EQ1TCP1" failures="0" tests="1" name="com.bridgelabz.AboutPageTest" time="73.784" errors="0" timestamp="2022-03-23T11:38:41 IST" skipped="0">
  <testcase classname="com.bridgelabz.AboutPageTest" name="ClickOnLifeEventsLinkTest" time="73.784"/>
  <system-out/>
</testsuite> <!-- com.bridgelabz.AboutPageTest -->
