<?xml version="1.0" encoding="UTF-8"?>
<!-- Generated by org.testng.reporters.JUnitReportReporter -->
<testsuite hostname="DESKTOP-EQ1TCP1" failures="0" tests="4" name="com.bridgelabz.LoginPageTest" time="157.288" errors="0" timestamp="2022-03-23T10:55:16 IST" skipped="0">
  <testcase classname="com.bridgelabz.LoginPageTest" name="loginPageTitleTest" time="43.861"/>
  <system-out/>
  <testcase classname="com.bridgelabz.LoginPageTest" name="loginTest" time="41.336"/>
  <system-out/>
  <testcase classname="com.bridgelabz.LoginPageTest" name="loginTest" time="34.352"/>
  <system-out/>
  <testcase classname="com.bridgelabz.LoginPageTest" name="loginTest" time="37.739"/>
  <system-out/>
</testsuite> <!-- com.bridgelabz.LoginPageTest -->
