<?xml version="1.0" encoding="UTF-8"?>
<!-- Generated by org.testng.reporters.JUnitReportReporter -->
<testsuite hostname="DESKTOP-EQ1TCP1" failures="0" tests="1" name="com.bridgelabz.LoginPageTest" time="29.795" errors="0" timestamp="2022-03-14T19:47:46 IST" skipped="0">
  <testcase classname="com.bridgelabz.LoginPageTest" name="loginTest" time="29.795"/>
  <system-out/>
</testsuite> <!-- com.bridgelabz.LoginPageTest -->
