<?xml version="1.0" encoding="UTF-8"?>
<!-- Generated by org.testng.reporters.JUnitReportReporter -->
<testsuite hostname="DESKTOP-EQ1TCP1" failures="0" tests="4" name="com.bridgelabz.LoginPageTest" time="147.219" errors="0" timestamp="2022-03-16T12:30:33 IST" skipped="0">
  <testcase classname="com.bridgelabz.LoginPageTest" name="loginPageTitleTest" time="31.041"/>
  <system-out/>
  <testcase classname="com.bridgelabz.LoginPageTest" name="loginTest" time="44.247"/>
  <system-out/>
  <testcase classname="com.bridgelabz.LoginPageTest" name="loginTest" time="31.821"/>
  <system-out/>
  <testcase classname="com.bridgelabz.LoginPageTest" name="loginTest" time="40.110"/>
  <system-out/>
</testsuite> <!-- com.bridgelabz.LoginPageTest -->
