<?xml version="1.0" encoding="UTF-8"?>
<!-- Generated by org.testng.reporters.JUnitReportReporter -->
<testsuite hostname="DESKTOP-EQ1TCP1" failures="0" tests="1" name="com.bridgelabz.HomePageTest" time="55.270" errors="0" timestamp="2022-03-14T23:21:33 IST" skipped="0">
  <testcase classname="com.bridgelabz.HomePageTest" name="verifyHomePageTitle" time="55.270"/>
  <system-out/>
</testsuite> <!-- com.bridgelabz.HomePageTest -->
