<?xml version="1.0" encoding="UTF-8"?>
<!-- Generated by org.testng.reporters.JUnitReportReporter -->
<testsuite hostname="DESKTOP-EQ1TCP1" failures="0" tests="5" name="com.bridgelabz.FindFriendsPageTest" time="223.571" errors="0" timestamp="2022-03-23T12:20:01 IST" skipped="0">
  <testcase classname="com.bridgelabz.FindFriendsPageTest" name="verifyFriendsPageTitleTest" time="43.295"/>
  <system-out/>
  <testcase classname="com.bridgelabz.FindFriendsPageTest" name="ClickOnFriendRequestLinkTest" time="40.717"/>
  <system-out/>
  <testcase classname="com.bridgelabz.FindFriendsPageTest" name="ClickOnSuggestionsLinkTest" time="41.398"/>
  <system-out/>
  <testcase classname="com.bridgelabz.FindFriendsPageTest" name="ClickOnBirthdayLinkTest" time="46.185"/>
  <system-out/>
  <testcase classname="com.bridgelabz.FindFriendsPageTest" name="ClickOnCustomListsLinkTest" time="51.976"/>
  <system-out/>
</testsuite> <!-- com.bridgelabz.FindFriendsPageTest -->
