<?xml version="1.0" encoding="UTF-8"?>
<!-- Generated by org.testng.reporters.JUnitReportReporter -->
<testsuite hostname="DESKTOP-EQ1TCP1" failures="0" tests="4" name="com.bridgelabz.HomePageTest" time="195.588" errors="0" timestamp="2022-03-17T12:54:42 IST" skipped="0">
  <testcase classname="com.bridgelabz.HomePageTest" name="verifyHomePageTitleTest" time="45.498"/>
  <system-out/>
  <testcase classname="com.bridgelabz.HomePageTest" name="verifyClickOnProfileTest" time="63.347"/>
  <system-out/>
  <testcase classname="com.bridgelabz.HomePageTest" name="verifyFindFriendsPageTest" time="40.831"/>
  <system-out/>
  <testcase classname="com.bridgelabz.HomePageTest" name="verifySavedPageTest" time="45.912"/>
  <system-out/>
</testsuite> <!-- com.bridgelabz.HomePageTest -->
