<?xml version="1.0" encoding="UTF-8"?>
<!-- Generated by org.testng.reporters.JUnitReportReporter -->
<testsuite hostname="DESKTOP-EQ1TCP1" failures="0" tests="5" name="com.bridgelabz.FindFriendsPageTest" time="239.336" errors="0" timestamp="2022-03-17T12:34:52 IST" skipped="0">
  <testcase classname="com.bridgelabz.FindFriendsPageTest" name="verifyFriendsPageTitleTest" time="29.743"/>
  <system-out/>
  <testcase classname="com.bridgelabz.FindFriendsPageTest" name="ClickOnFriendRequestLinkTest" time="31.967"/>
  <system-out/>
  <testcase classname="com.bridgelabz.FindFriendsPageTest" name="ClickOnSuggestionsLinkTest" time="62.882"/>
  <system-out/>
  <testcase classname="com.bridgelabz.FindFriendsPageTest" name="ClickOnBirthdayLinkTest" time="58.022"/>
  <system-out/>
  <testcase classname="com.bridgelabz.FindFriendsPageTest" name="ClickOnCustomListsLinkTest" time="56.722"/>
  <system-out/>
</testsuite> <!-- com.bridgelabz.FindFriendsPageTest -->
