<?xml version="1.0" encoding="UTF-8"?>
<!-- Generated by org.testng.reporters.JUnitReportReporter -->
<testsuite hostname="DESKTOP-EQ1TCP1" failures="0" tests="4" name="com.bridgelabz.HomePageTest" time="243.438" errors="0" timestamp="2022-03-15T23:07:07 IST" skipped="0">
  <testcase classname="com.bridgelabz.HomePageTest" name="verifyHomePageTitle" time="83.741"/>
  <system-out/>
  <testcase classname="com.bridgelabz.HomePageTest" name="verifyClickOnProfileTest" time="59.996"/>
  <system-out/>
  <testcase classname="com.bridgelabz.HomePageTest" name="verifyFriendsPageTest" time="45.806"/>
  <system-out/>
  <testcase classname="com.bridgelabz.HomePageTest" name="verifySavedPageTest" time="53.895"/>
  <system-out/>
</testsuite> <!-- com.bridgelabz.HomePageTest -->
