<?xml version="1.0" encoding="UTF-8"?>
<!-- Generated by org.testng.reporters.JUnitReportReporter -->
<testsuite hostname="DESKTOP-EQ1TCP1" failures="0" tests="4" name="com.bridgelabz.HomePageTest" time="136.083" errors="0" timestamp="2022-03-23T12:20:01 IST" skipped="0">
  <testcase classname="com.bridgelabz.HomePageTest" name="verifyHomePageTitleTest" time="23.515"/>
  <system-out/>
  <testcase classname="com.bridgelabz.HomePageTest" name="verifyClickOnProfileTest" time="38.145"/>
  <system-out/>
  <testcase classname="com.bridgelabz.HomePageTest" name="verifyFindFriendsPageTest" time="39.478"/>
  <system-out/>
  <testcase classname="com.bridgelabz.HomePageTest" name="verifySavedPageTest" time="34.945"/>
  <system-out/>
</testsuite> <!-- com.bridgelabz.HomePageTest -->
