<?xml version="1.0" encoding="UTF-8"?>
<!-- Generated by org.testng.reporters.JUnitReportReporter -->
<testsuite hostname="DESKTOP-EQ1TCP1" failures="0" tests="5" name="com.bridgelabz.FindFriendsPageTest" time="254.192" errors="0" timestamp="2022-03-17T12:54:42 IST" skipped="0">
  <testcase classname="com.bridgelabz.FindFriendsPageTest" name="verifyFriendsPageTitleTest" time="54.034"/>
  <system-out/>
  <testcase classname="com.bridgelabz.FindFriendsPageTest" name="ClickOnFriendRequestLinkTest" time="62.512"/>
  <system-out/>
  <testcase classname="com.bridgelabz.FindFriendsPageTest" name="ClickOnSuggestionsLinkTest" time="41.380"/>
  <system-out/>
  <testcase classname="com.bridgelabz.FindFriendsPageTest" name="ClickOnBirthdayLinkTest" time="53.831"/>
  <system-out/>
  <testcase classname="com.bridgelabz.FindFriendsPageTest" name="ClickOnCustomListsLinkTest" time="42.435"/>
  <system-out/>
</testsuite> <!-- com.bridgelabz.FindFriendsPageTest -->
